=================================
Build Mar 22 2020 22:43:01
=================================
20200329-11:46:05.820	=OpenTdx=
20200329-11:46:06.346	=OpenTdx OK=
=================================
Build Mar 22 2020 22:43:01
=================================
20200329-11:47:47.571	=OpenTdx=
20200329-11:47:48.119	=OpenTdx OK=
=================================
Build Mar 22 2020 22:43:01
=================================
20200329-11:48:45.493	=OpenTdx=
20200329-11:48:46.018	=OpenTdx OK=
=================================
Build Mar 22 2020 22:43:01
=================================
20200329-11:50:45.506	=OpenTdx=
20200329-11:50:46.012	=OpenTdx OK=
20200329-11:50:48.376	=LogonEx= 122,1.17,183.3.217.11:7708,83939003888, 0
20200329-11:50:48.378	=LogonEx[1]= 122,1.23,183.3.217.11:7708,83939003888, 0
20200329-11:50:51.706	=LogonEx OK= 122,1.23,183.3.217.11:7708,83939003888, 0 [1]
20200329-11:50:51.707	=QueryData= nClientID = 1 [0]
20200329-11:50:51.994	=QueryData= nClientID = 1 [0]
20200329-11:51:05.519	=QueryData= nClientID = 1 [0]
20200329-11:51:05.663	=QueryData= nClientID = 1 [0]
20200329-11:58:48.845	=QueryData= nClientID = 1 [5]
20200329-12:01:04.623	=QueryData= nClientID = 1 [0]
20200329-12:01:04.740	=QueryData= nClientID = 1 [5]
20200329-12:02:15.575	=QueryData= nClientID = 1 [0]
20200329-12:02:15.703	=QueryData= nClientID = 1 [5]
20200329-12:03:49.303	=QueryData= nClientID = 1 [0]
20200329-12:03:49.440	=QueryData= nClientID = 1 [5]
=================================
Build Mar 22 2020 22:43:01
=================================
20200329-12:06:48.303	=OpenTdx=
20200329-12:06:48.341	=OpenTdx OK=
20200329-12:08:02.660	=QueryData= nClientID = 1 [0]
20200329-12:08:02.795	=QueryData= nClientID = 1 [5]
20200329-12:08:04.482	=QueryData= nClientID = 1 [1]
20200329-12:08:12.936	=QueryData= nClientID = 1 [3]
20200329-12:08:15.610	=QueryData= nClientID = 1 [2]
=================================
Build Mar 22 2020 22:43:01
=================================
20200329-12:10:13.787	=OpenTdx=
20200329-12:10:14.609	=OpenTdx OK=
=================================
Build Mar 22 2020 22:43:01
=================================
20200329-12:10:57.275	=OpenTdx=
20200329-12:10:57.795	=OpenTdx OK=
=================================
Build Mar 22 2020 22:43:01
=================================
20200329-12:12:08.605	=OpenTdx=
20200329-12:12:09.142	=OpenTdx OK=
=================================
Build Mar 22 2020 22:43:01
=================================
20200329-12:12:13.375	=OpenTdx=
20200329-12:12:13.971	=OpenTdx OK=
=================================
Build Mar 22 2020 22:43:01
=================================
20200329-12:12:39.318	=OpenTdx=
20200329-12:12:39.869	=OpenTdx OK=
=================================
Build Mar 22 2020 22:43:01
=================================
20200329-12:13:42.547	=OpenTdx=
20200329-12:13:43.073	=OpenTdx OK=
=================================
Build Mar 22 2020 22:43:01
=================================
20200329-12:15:03.296	=OpenTdx=
20200329-12:15:03.816	=OpenTdx OK=
20200329-12:15:33.088	=LogonEx= 122,1.17,183.3.217.11:7708,83939003888, 0
20200329-12:15:33.089	=LogonEx[1]= 122,1.23,183.3.217.11:7708,83939003888, 0
20200329-12:15:39.506	=LogonEx OK= 122,1.23,183.3.217.11:7708,83939003888, 0 [1]
=================================
Build Mar 22 2020 22:43:01
=================================
20200329-14:12:33.946	=OpenTdx=
20200329-14:12:34.448	=OpenTdx OK=
20200329-14:12:37.870	=LogonEx= 122,1.17,183.3.217.11:7708,83939003888, 0
20200329-14:12:37.871	=LogonEx[1]= 122,1.23,183.3.217.11:7708,83939003888, 0
20200329-14:12:41.088	=LogonEx OK= 122,1.23,183.3.217.11:7708,83939003888, 0 [1]
=================================
Build Mar 22 2020 22:43:01
=================================
20200329-14:13:03.151	=OpenTdx=
20200329-14:13:03.730	=OpenTdx OK=
20200329-14:13:17.697	=LogonEx= 122,1.17,183.3.217.11:7708,83939003888, 0
20200329-14:13:17.698	=LogonEx[1]= 122,1.23,183.3.217.11:7708,83939003888, 0
20200329-14:13:20.879	=LogonEx OK= 122,1.23,183.3.217.11:7708,83939003888, 0 [1]
=================================
Build Mar 22 2020 22:43:01
=================================
20200329-14:14:07.554	=OpenTdx=
20200329-14:14:08.112	=OpenTdx OK=
20200329-14:14:17.367	=LogonEx= 122,1.17,183.3.217.11:7708,83939003888, 0
20200329-14:14:17.368	=LogonEx[1]= 122,1.23,183.3.217.11:7708,83939003888, 0
20200329-14:14:20.600	=LogonEx OK= 122,1.23,183.3.217.11:7708,83939003888, 0 [1]
20200329-14:14:29.175	=QueryData= nClientID = 1 [51329472]
20200329-14:14:29.176	=QueryData= nClientID = 1 [51329472][不支持此功能]
=================================
Build Mar 22 2020 22:43:01
=================================
20200329-14:15:09.207	=OpenTdx=
20200329-14:15:09.735	=OpenTdx OK=
20200329-14:15:15.453	=LogonEx= 122,1.17,183.3.217.11:7708,83939003888, 0
20200329-14:15:15.454	=LogonEx[1]= 122,1.23,183.3.217.11:7708,83939003888, 0
20200329-14:15:18.902	=LogonEx OK= 122,1.23,183.3.217.11:7708,83939003888, 0 [1]
20200329-14:15:22.952	=QueryData= nClientID = 1 [50677896]
20200329-14:15:22.952	=QueryData= nClientID = 1 [50677896][不支持此功能]
=================================
Build Mar 22 2020 22:43:01
=================================
20200329-14:19:41.841	=OpenTdx=
20200329-14:19:42.422	=OpenTdx OK=
20200329-14:19:48.897	=LogonEx= 122,1.17,183.3.217.11:7708,83939003888, 0
20200329-14:19:48.897	=LogonEx[1]= 122,1.23,183.3.217.11:7708,83939003888, 0
20200329-14:19:52.287	=LogonEx OK= 122,1.23,183.3.217.11:7708,83939003888, 0 [1]
20200329-14:19:53.957	=QueryHisData= nClientID = 1 [50942096]
20200329-14:20:46.362	=QueryHisData= nClientID = 1 [50942096]
=================================
Build Mar 22 2020 22:43:01
=================================
20200329-14:29:30.979	=OpenTdx=
20200329-14:29:31.490	=OpenTdx OK=
20200329-14:30:16.343	=LogonEx= 122,1.17,183.3.217.11:7708,83939003888, 0
20200329-14:30:16.343	=LogonEx[1]= 122,1.23,183.3.217.11:7708,83939003888, 0
20200329-14:30:19.679	=LogonEx OK= 122,1.23,183.3.217.11:7708,83939003888, 0 [1]
20200329-14:30:19.679	=QueryHisData= nClientID = 1 [48636264]
20200329-14:30:51.924	=QueryHisData= nClientID = 1 [48636264]
20200329-14:33:15.765	=QueryHisData= nClientID = 1 [48636264]
20200329-14:33:51.513	=QueryHisData= nClientID = 1 [48636360]
20200329-14:33:55.609	=QueryHisData= nClientID = 1 [48636360]
=================================
Build Mar 22 2020 22:43:01
=================================
20200329-14:52:42.365	=OpenTdx=
20200329-14:52:43.124	=OpenTdx OK=
20200329-14:52:47.121	=LogonEx= 122,1.17,183.3.217.11:7708,83939003888, 0
20200329-14:52:47.121	=LogonEx[1]= 122,1.23,183.3.217.11:7708,83939003888, 0
20200329-14:52:50.906	=LogonEx OK= 122,1.23,183.3.217.11:7708,83939003888, 0 [1]
20200329-14:52:50.907	=QueryHisDataEx= nClientID = 1 [46407944]
=================================
Build Mar 22 2020 22:43:01
=================================
20200329-14:53:12.388	=OpenTdx=
20200329-14:53:12.966	=OpenTdx OK=
20200329-14:53:19.235	=LogonEx= 122,1.17,183.3.217.11:7708,83939003888, 0
20200329-14:53:19.236	=LogonEx[1]= 122,1.23,183.3.217.11:7708,83939003888, 0
20200329-14:53:23.015	=LogonEx OK= 122,1.23,183.3.217.11:7708,83939003888, 0 [1]
20200329-14:53:23.016	=QueryHisData= nClientID = 1 [48701704]
20200329-14:53:27.531	=QueryHisData= nClientID = 1 [48701704]
=================================
Build Mar 22 2020 22:43:01
=================================
20200329-14:54:11.517	=OpenTdx=
20200329-14:54:11.555	=OpenTdx OK=
=================================
Build Mar 22 2020 22:43:01
=================================
20200329-14:55:19.673	=OpenTdx=
20200329-14:55:19.715	=OpenTdx OK=
=================================
Build Mar 22 2020 22:43:01
=================================
20200329-14:56:16.343	=OpenTdx=
20200329-14:56:16.935	=OpenTdx OK=
=================================
Build Mar 22 2020 22:43:01
=================================
20200329-14:57:43.735	=OpenTdx=
20200329-14:57:44.407	=OpenTdx OK=
=================================
Build Mar 22 2020 22:43:01
=================================
20200329-14:58:05.427	=OpenTdx=
20200329-14:58:06.097	=OpenTdx OK=
=================================
Build Mar 22 2020 22:43:01
=================================
20200329-14:58:15.673	=OpenTdx=
20200329-14:58:16.363	=OpenTdx OK=
20200329-14:58:17.715	=LogonEx= 122,1.17,183.3.217.11:7708,83939003888, 0
20200329-14:58:17.716	=LogonEx[1]= 122,1.23,183.3.217.11:7708,83939003888, 0
20200329-14:58:21.662	=LogonEx OK= 122,1.23,183.3.217.11:7708,83939003888, 0 [1]
=================================
Build Mar 22 2020 22:43:01
=================================
20200329-15:00:36.300	=OpenTdx=
20200329-15:00:37.022	=OpenTdx OK=
20200329-15:00:40.805	=LogonEx= 122,1.17,183.3.217.11:7708,83939003888, 0
20200329-15:00:40.806	=LogonEx[1]= 122,1.23,183.3.217.11:7708,83939003888, 0
20200329-15:00:44.868	=LogonEx OK= 122,1.23,183.3.217.11:7708,83939003888, 0 [1]
20200329-15:00:44.868	=QueryData= nClientID = 1 [0]
20200329-15:00:46.624	=QueryData= nClientID = 1 [0]
20200329-15:00:46.715	=QueryData= nClientID = 1 [5]
20200329-15:01:04.463	=QueryData= nClientID = 1 [0]
20200329-15:01:06.178	=QueryData= nClientID = 1 [0]
20200329-15:01:06.253	=QueryData= nClientID = 1 [5]
=================================
Build Mar 22 2020 22:43:01
=================================
20200329-15:02:48.808	=OpenTdx=
20200329-15:02:49.537	=OpenTdx OK=
20200329-15:02:59.052	=LogonEx= 122,1.17,183.3.217.11:7708,83939003888, 0
20200329-15:02:59.053	=LogonEx[1]= 122,1.23,183.3.217.11:7708,83939003888, 0
20200329-15:03:02.966	=LogonEx OK= 122,1.23,183.3.217.11:7708,83939003888, 0 [1]
20200329-15:03:02.967	=QueryData= nClientID = 1 [0]
20200329-15:03:03.035	=QueryData= nClientID = 1 [5]
=================================
Build Mar 22 2020 22:43:01
=================================
20200329-15:03:49.362	=OpenTdx=
20200329-15:03:50.129	=OpenTdx OK=
20200329-15:03:56.375	=LogonEx= 122,1.17,183.3.217.11:7708,83939003888, 0
20200329-15:03:56.375	=LogonEx[1]= 122,1.23,183.3.217.11:7708,83939003888, 0
20200329-15:04:00.235	=LogonEx OK= 122,1.23,183.3.217.11:7708,83939003888, 0 [1]
20200329-15:04:00.236	=QueryData= nClientID = 1 [0]
20200329-15:04:00.309	=QueryData= nClientID = 1 [5]
=================================
Build Mar 22 2020 22:43:01
=================================
20200329-15:05:45.773	=OpenTdx=
20200329-15:05:46.483	=OpenTdx OK=
20200329-15:05:53.190	=LogonEx= 122,1.17,183.3.217.11:7708,83939003888, 0
20200329-15:05:53.191	=LogonEx[1]= 122,1.23,183.3.217.11:7708,83939003888, 0
20200329-15:05:58.049	=LogonEx OK= 122,1.23,183.3.217.11:7708,83939003888, 0 [1]
20200329-15:05:58.051	=QueryData= nClientID = 1 [0]
20200329-15:05:58.120	=QueryData= nClientID = 1 [5]
=================================
Build Mar 22 2020 22:43:01
=================================
20200329-15:09:35.257	=OpenTdx=
20200329-15:09:35.825	=OpenTdx OK=
=================================
Build Mar 22 2020 22:43:01
=================================
20200329-15:11:16.792	=OpenTdx=
20200329-15:11:17.364	=OpenTdx OK=
20200329-15:11:52.123	=LogonEx= 4,6.58,183.56.155.70:7708,22222, 0
20200329-15:11:52.124	=LogonEx[1]= 4,7.15,183.56.155.70:7708,22222, 0
20200329-15:11:56.265	=LogonEx ERROR= 4,7.15,183.56.155.70:7708,22222, 0 [认证中心无该交易帐户资料,请确认是否正确选择账号类型]
20200329-15:11:56.266	=CloseTdx=
=================================
Build Mar 22 2020 22:43:01
=================================
20200329-15:19:09.024	=OpenTdx=
20200329-15:19:09.649	=OpenTdx OK=
20200329-15:19:15.073	=LogonEx= 122,1.17,183.3.217.11:7708,83939003888, 0
20200329-15:19:15.074	=LogonEx[1]= 122,1.23,183.3.217.11:7708,83939003888, 0
20200329-15:19:19.549	=LogonEx OK= 122,1.23,183.3.217.11:7708,83939003888, 0 [1]
20200329-15:19:19.550	=QueryData= nClientID = 1 [0]
20200329-15:19:19.618	=QueryData= nClientID = 1 [5]
20200329-15:19:28.077	=LogonEx= 4,6.58,183.56.155.70:7708,22222, 0
20200329-15:19:28.077	=LogonEx[1]= 4,7.15,183.56.155.70:7708,22222, 0
20200329-15:19:32.313	=LogonEx ERROR= 4,7.15,183.56.155.70:7708,22222, 0 [认证中心无该交易帐户资料,请确认是否正确选择账号类型]
20200329-15:19:32.315	=CloseTdx=
=================================
Build Mar 22 2020 22:43:01
=================================
20200329-15:42:18.862	=OpenTdx=
20200329-15:42:19.573	=OpenTdx OK=
=================================
Build Mar 22 2020 22:43:01
=================================
20200329-15:43:08.396	=OpenTdx=
20200329-15:43:09.348	=OpenTdx OK=
=================================
Build Mar 22 2020 22:43:01
=================================
20200329-15:43:32.933	=OpenTdx=
=================================
Build Mar 22 2020 22:43:01
=================================
20200329-15:43:40.420	=OpenTdx=
20200329-15:43:41.502	=OpenTdx OK=
=================================
Build Mar 22 2020 22:43:01
=================================
20200329-15:44:14.327	=OpenTdx=
20200329-15:44:15.315	=OpenTdx OK=
=================================
Build Mar 22 2020 22:43:01
=================================
20200329-15:48:31.273	=OpenTdx=
20200329-15:48:31.939	=OpenTdx OK=
=================================
Build Mar 22 2020 22:43:01
=================================
20200329-15:49:01.416	=OpenTdx=
20200329-15:49:02.016	=OpenTdx OK=
=================================
Build Mar 22 2020 22:43:01
=================================
20200329-18:23:55.806	=OpenTdx=
20200329-18:23:56.387	=OpenTdx OK=
=================================
Build Mar 22 2020 22:43:01
=================================
20200329-18:25:28.563	=OpenTdx=
20200329-18:25:29.106	=OpenTdx OK=
=================================
Build Mar 22 2020 22:43:01
=================================
20200329-18:26:42.519	=OpenTdx=
20200329-18:26:43.118	=OpenTdx OK=
=================================
Build Mar 22 2020 22:43:01
=================================
20200329-18:27:07.635	=OpenTdx=
20200329-18:27:08.254	=OpenTdx OK=
=================================
Build Mar 22 2020 22:43:01
=================================
20200329-18:27:17.381	=OpenTdx=
20200329-18:27:18.014	=OpenTdx OK=
=================================
Build Mar 22 2020 22:43:01
=================================
20200329-18:27:28.270	=OpenTdx=
20200329-18:27:28.808	=OpenTdx OK=
=================================
Build Mar 22 2020 22:43:01
=================================
20200329-18:27:40.110	=OpenTdx=
20200329-18:27:40.686	=OpenTdx OK=
=================================
Build Mar 22 2020 22:43:01
=================================
20200329-18:49:59.077	=OpenTdx=
20200329-18:49:59.622	=OpenTdx OK=
20200329-18:50:11.148	=LogonEx= 122,1.17,183.3.217.11:7708,83939003888, 0
20200329-18:50:11.149	=LogonEx[1]= 122,1.23,183.3.217.11:7708,83939003888, 0
20200329-18:50:14.730	=LogonEx OK= 122,1.23,183.3.217.11:7708,83939003888, 0 [1]
20200329-18:54:39.316	=QueryData= nClientID = 1 [5]
20200329-18:55:52.590	=QueryData= nClientID = 1 [5]
=================================
Build Mar 22 2020 22:43:01
=================================
20200329-18:56:42.892	=OpenTdx=
20200329-18:56:43.454	=OpenTdx OK=
=================================
Build Mar 22 2020 22:43:01
=================================
20200329-18:56:49.351	=OpenTdx=
20200329-18:56:49.875	=OpenTdx OK=
20200329-18:56:52.047	=LogonEx= 122,1.17,183.3.217.11:7708,83939003888, 0
20200329-18:56:52.048	=LogonEx[1]= 122,1.23,183.3.217.11:7708,83939003888, 0
20200329-18:56:55.788	=LogonEx OK= 122,1.23,183.3.217.11:7708,83939003888, 0 [1]
20200329-18:56:55.788	=QueryData= nClientID = 1 [5]
20200329-18:57:06.077	=QueryData= nClientID = 1 [5]
=================================
Build Mar 22 2020 22:43:01
=================================
20200329-18:58:27.061	=OpenTdx=
20200329-18:58:27.583	=OpenTdx OK=
=================================
Build Mar 22 2020 22:43:01
=================================
20200329-18:59:08.298	=OpenTdx=
20200329-18:59:08.829	=OpenTdx OK=
20200329-18:59:11.253	=LogonEx= 122,1.17,183.3.217.11:7708,83939003888, 0
20200329-18:59:11.253	=LogonEx[1]= 122,1.23,183.3.217.11:7708,83939003888, 0
20200329-18:59:15.332	=LogonEx OK= 122,1.23,183.3.217.11:7708,83939003888, 0 [1]
20200329-18:59:15.333	=QueryData= nClientID = 1 [5]
=================================
Build Mar 22 2020 22:43:01
=================================
20200329-19:48:38.107	=OpenTdx=
20200329-19:48:38.638	=OpenTdx OK=
20200329-19:48:59.989	=LogonEx= 122,1.17,183.3.217.11:7708,83939003888, 0
20200329-19:48:59.990	=LogonEx[1]= 122,1.23,183.3.217.11:7708,83939003888, 0
20200329-19:49:03.734	=LogonEx OK= 122,1.23,183.3.217.11:7708,83939003888, 0 [1]
20200329-19:49:03.735	=QueryData= nClientID = 1 [5]
20200329-19:49:07.080	=QueryData= nClientID = 1 [0]
20200329-19:49:07.148	=QueryData= nClientID = 1 [5]
20200329-19:49:11.826	=QueryData= nClientID = 1 [1]
=================================
Build Mar 22 2020 22:43:01
=================================
20200329-22:17:32.592	=OpenTdx=
20200329-22:17:33.147	=OpenTdx OK=
=================================
Build Mar 22 2020 22:43:01
=================================
20200329-22:17:46.990	=OpenTdx=
20200329-22:17:47.509	=OpenTdx OK=
=================================
Build Mar 22 2020 22:43:01
=================================
20200329-22:18:16.020	=OpenTdx=
20200329-22:18:16.550	=OpenTdx OK=
=================================
Build Mar 22 2020 22:43:01
=================================
20200329-22:18:25.834	=OpenTdx=
20200329-22:18:26.371	=OpenTdx OK=
=================================
Build Mar 22 2020 22:43:01
=================================
20200329-22:19:14.575	=OpenTdx=
20200329-22:19:15.104	=OpenTdx OK=
=================================
Build Mar 22 2020 22:43:01
=================================
20200329-22:20:47.290	=OpenTdx=
20200329-22:20:47.953	=OpenTdx OK=
=================================
Build Mar 22 2020 22:43:01
=================================
20200329-22:21:10.321	=OpenTdx=
20200329-22:21:10.843	=OpenTdx OK=
=================================
Build Mar 22 2020 22:43:01
=================================
20200329-22:21:50.427	=OpenTdx=
20200329-22:21:50.949	=OpenTdx OK=
=================================
Build Mar 22 2020 22:43:01
=================================
20200329-22:22:34.629	=OpenTdx=
20200329-22:22:35.182	=OpenTdx OK=
=================================
Build Mar 22 2020 22:43:01
=================================
20200329-22:22:37.842	=OpenTdx=
20200329-22:22:38.415	=OpenTdx OK=
=================================
Build Mar 22 2020 22:43:01
=================================
20200329-22:22:43.760	=OpenTdx=
20200329-22:22:44.359	=OpenTdx OK=
=================================
Build Mar 22 2020 22:43:01
=================================
20200329-22:22:53.405	=OpenTdx=
20200329-22:22:53.985	=OpenTdx OK=
